0 verbose cli C:\Program Files\nodejs\node.exe C:\Program Files\nodejs\node_modules\npm\bin\npm-cli.js
1 info using npm@11.13.0
2 info using node@v24.16.0
3 silly config load:file:C:\Program Files\nodejs\node_modules\npm\npmrc
4 silly config load:file:E:\vault\.tmp\pdf-tools\.npmrc
5 silly config load:file:C:\Users\Win\.npmrc
6 silly config load:file:E:\vault\.tmp\pdf-tools\etc\npmrc
7 verbose title npm install pdfjs-dist
8 verbose argv "install" "--prefix" "E:\\vault\\.tmp\\pdf-tools" "--cache" "E:\\vault\\.tmp\\npm-cache" "pdfjs-dist"
9 verbose logfile logs-max:10 dir:E:\vault\.tmp\npm-cache\_logs\2026-06-22T01_58_05_655Z-
10 verbose logfile E:\vault\.tmp\npm-cache\_logs\2026-06-22T01_58_05_655Z-debug-0.log
11 silly logfile done cleaning log files
12 silly packumentCache heap:4496293888 maxSize:1124073472 maxEntrySize:562036736
13 silly idealTree buildDeps
14 silly fetch manifest pdfjs-dist@*
15 silly packumentCache full:https://registry.npmjs.org/pdfjs-dist cache-miss
16 http fetch GET 200 https://registry.npmjs.org/pdfjs-dist 3310ms (cache miss)
17 silly packumentCache full:https://registry.npmjs.org/pdfjs-dist set size:undefined disposed:false
18 silly placeDep ROOT pdfjs-dist@6.0.227 OK for:  want: *
19 silly fetch manifest @napi-rs/canvas@^1.0.0
20 silly packumentCache full:https://registry.npmjs.org/@napi-rs%2fcanvas cache-miss
21 http fetch GET 200 https://registry.npmjs.org/@napi-rs%2fcanvas 805ms (cache miss)
22 silly packumentCache full:https://registry.npmjs.org/@napi-rs%2fcanvas set size:undefined disposed:false
23 silly placeDep ROOT @napi-rs/canvas@1.0.0 OK for: pdfjs-dist@6.0.227 want: ^1.0.0
24 silly fetch manifest @napi-rs/canvas-linux-x64-gnu@1.0.0
25 silly packumentCache full:https://registry.npmjs.org/@napi-rs%2fcanvas-linux-x64-gnu cache-miss
26 silly fetch manifest @napi-rs/canvas-darwin-x64@1.0.0
27 silly packumentCache full:https://registry.npmjs.org/@napi-rs%2fcanvas-darwin-x64 cache-miss
28 silly fetch manifest @napi-rs/canvas-win32-x64-msvc@1.0.0
29 silly packumentCache full:https://registry.npmjs.org/@napi-rs%2fcanvas-win32-x64-msvc cache-miss
30 silly fetch manifest @napi-rs/canvas-win32-arm64-msvc@1.0.0
31 silly packumentCache full:https://registry.npmjs.org/@napi-rs%2fcanvas-win32-arm64-msvc cache-miss
32 silly fetch manifest @napi-rs/canvas-linux-arm-gnueabihf@1.0.0
33 silly packumentCache full:https://registry.npmjs.org/@napi-rs%2fcanvas-linux-arm-gnueabihf cache-miss
34 silly fetch manifest @napi-rs/canvas-linux-x64-musl@1.0.0
35 silly packumentCache full:https://registry.npmjs.org/@napi-rs%2fcanvas-linux-x64-musl cache-miss
36 silly fetch manifest @napi-rs/canvas-linux-arm64-gnu@1.0.0
37 silly packumentCache full:https://registry.npmjs.org/@napi-rs%2fcanvas-linux-arm64-gnu cache-miss
38 silly fetch manifest @napi-rs/canvas-linux-arm64-musl@1.0.0
39 silly packumentCache full:https://registry.npmjs.org/@napi-rs%2fcanvas-linux-arm64-musl cache-miss
40 silly fetch manifest @napi-rs/canvas-darwin-arm64@1.0.0
41 silly packumentCache full:https://registry.npmjs.org/@napi-rs%2fcanvas-darwin-arm64 cache-miss
42 silly fetch manifest @napi-rs/canvas-android-arm64@1.0.0
43 silly packumentCache full:https://registry.npmjs.org/@napi-rs%2fcanvas-android-arm64 cache-miss
44 silly fetch manifest @napi-rs/canvas-linux-riscv64-gnu@1.0.0
45 silly packumentCache full:https://registry.npmjs.org/@napi-rs%2fcanvas-linux-riscv64-gnu cache-miss
46 http fetch GET 200 https://registry.npmjs.org/@napi-rs%2fcanvas-linux-x64-gnu 1269ms (cache miss)
47 silly packumentCache full:https://registry.npmjs.org/@napi-rs%2fcanvas-linux-x64-gnu set size:undefined disposed:false
48 http fetch GET 200 https://registry.npmjs.org/@napi-rs%2fcanvas-win32-arm64-msvc 5881ms (cache miss)
49 silly packumentCache full:https://registry.npmjs.org/@napi-rs%2fcanvas-win32-arm64-msvc set size:undefined disposed:false
50 http fetch GET 200 https://registry.npmjs.org/@napi-rs%2fcanvas-linux-riscv64-gnu 5935ms (cache miss)
51 silly packumentCache full:https://registry.npmjs.org/@napi-rs%2fcanvas-linux-riscv64-gnu set size:undefined disposed:false
